<?xml version="1.0" encoding="UTF-8"?>
<testng-results ignored="0" total="1" passed="1" failed="0" skipped="0">
  <reporter-output>
  </reporter-output>
  <suite started-at="2023-07-26T18:52:33 CEST" name="MySuite" finished-at="2023-07-26T18:52:40 CEST" duration-ms="6181">
    <groups>
    </groups>
    <test started-at="2023-07-26T18:52:33 CEST" name="Smoke" finished-at="2023-07-26T18:52:40 CEST" duration-ms="6181">
      <class name="testcases.FirstTest">
        <test-method signature="validateRememberMeCheckboxTextSelectedByDefault()[pri:0, instance:testcases.FirstTest@3c130745]" started-at="2023-07-26T18:52:33 CEST" name="validateRememberMeCheckboxTextSelectedByDefault" finished-at="2023-07-26T18:52:40 CEST" duration-ms="6130" status="PASS">
          <reporter-output>
          </reporter-output>
        </test-method> <!-- validateRememberMeCheckboxTextSelectedByDefault -->
      </class> <!-- testcases.FirstTest -->
    </test> <!-- Smoke -->
  </suite> <!-- MySuite -->
</testng-results>
